{"level":"info","message":"GET / 200 1748 - 10.247 ms"}
{"level":"info","message":"GET /esriIF/ 404 146 - 4.724 ms"}
{"level":"info","message":"GET /esriIF/ne-test/VectorTileServer/ 404 171 - 3.572 ms"}
{"level":"info","message":"GET /esriIF/ne-test/VectorTileServer/tilemap/1/0/0/32/32 200 2128 - 7.226 ms"}
{"level":"info","message":"GET /esriIF/ne-test/VectorTileServer/tilemap/7/0/0/32/32 200 65 - 3.608 ms"}
{"level":"info","message":"GET /esriIF/ne-test/VectorTileServer/tilemap/7/0/0/32/31 200 65 - 1.471 ms"}
{"level":"info","message":"GET /esriIF/ne-test/VectorTileServer 404 53 - 11.427 ms"}
{"level":"info","message":"GET /esriIF/ne-test/VectorTileServer 404 53 - 19.224 ms"}
{"level":"info","message":"GET /esriIF/ne-test/VectorTileServer 200 2 - 14.332 ms"}
{"level":"info","message":"GET /esriIF/ne-test/VectorTileServer?f-json 200 2 - 1.452 ms"}
{"level":"info","message":"GET /esriIF/ne-test/VectorTileServer?f=json 200 2 - 1.579 ms"}
{"level":"info","message":"GET /esriIF/ne-test/VectorTileServer?f=json 200 23 - 14.652 ms"}
{"level":"info","message":"GET /esriIF/ne-test/VectorTileServer?f=json - - - - ms"}
{"level":"info","message":"GET /esriIF/ne-test/VectorTileServer?f=json 404 231 - 21.514 ms"}
{"level":"info","message":"GET /esriIF/ne-test/VectorTileServer 404 231 - 2.218 ms"}
{"level":"info","message":"GET /esriIF/ne-test/VectorTileServer 200 21 - 13.044 ms"}
{"level":"info","message":"GET /esriIF/ne-test/VectorTileServer 304 - - 22.850 ms"}
{"level":"info","message":"GET /esriIF/ne-test/VectorTileServer/1 404 172 - 4.982 ms"}
{"level":"info","message":"GET /esriIF/ne-test/VectorTileServer/ 200 21 - 5.956 ms"}
{"level":"info","message":"GET /esriIF/ne-test/VectorTileServer 304 - - 3.054 ms"}
{"level":"info","message":"GET /esriIF/ne-test/VectorTileServer/resources/style 404 69 - 13.036 ms"}
{"level":"info","message":"GET /esriIF/ne-test/VectorTileServer/resources/style 404 69 - 4.119 ms"}
